{"/Users/mfhj-019/GitHub/nodeExpress/lesson8/app.js":{"path":"/Users/mfhj-019/GitHub/nodeExpress/lesson8/app.js","s":{"1":1,"2":1,"3":1,"4":1,"5":1,"6":1,"7":0,"8":1,"9":1,"10":1,"11":1,"12":1},"b":{},"f":{"1":0,"2":1,"3":1},"fnMap":{"1":{"name":"(anonymous_1)","line":54,"loc":{"start":{"line":54,"column":17},"end":{"line":54,"column":34}}},"2":{"name":"(anonymous_2)","line":62,"loc":{"start":{"line":62,"column":18},"end":{"line":62,"column":35}}},"3":{"name":"(anonymous_3)","line":66,"loc":{"start":{"line":66,"column":17},"end":{"line":66,"column":35}}}},"statementMap":{"1":{"start":{"line":1,"column":0},"end":{"line":1,"column":33}},"2":{"start":{"line":47,"column":0},"end":{"line":47,"column":40}},"3":{"start":{"line":48,"column":0},"end":{"line":48,"column":24}},"4":{"start":{"line":51,"column":0},"end":{"line":51,"column":33}},"5":{"start":{"line":52,"column":0},"end":{"line":52,"column":27}},"6":{"start":{"line":54,"column":0},"end":{"line":61,"column":3}},"7":{"start":{"line":55,"column":2},"end":{"line":60,"column":4}},"8":{"start":{"line":62,"column":0},"end":{"line":64,"column":3}},"9":{"start":{"line":63,"column":2},"end":{"line":63,"column":40}},"10":{"start":{"line":65,"column":0},"end":{"line":65,"column":21}},"11":{"start":{"line":66,"column":0},"end":{"line":68,"column":2}},"12":{"start":{"line":67,"column":4},"end":{"line":67,"column":68}}},"branchMap":{}}}